<?xml version="1.0" encoding="UTF-8"?>
<!-- Generated by org.testng.reporters.JUnitXMLReporter -->
<testsuite ignored="1" hostname="Nurs-MacBook-Pro.local" failures="0" tests="3" name="GRP-regression" time="0.021" errors="0" timestamp="2022-12-07T17:37:16 EST">
  <testcase classname="ui.GroupDemoTest" name="aTest1" time="0.003"/>
  <testcase classname="ui.GroupDemoTest" name="aTest2" time="0.0"/>
  <testcase classname="ui.GroupDemoTest" name="bTest1" time="0.0"/>
  <testcase classname="ui.GroupDemoTest" name="bTest2" time="0.0">
    <ignored/>
  </testcase> <!-- bTest2 -->
</testsuite> <!-- GRP-regression -->
