<?xml version="1.0" encoding="UTF-8"?>
<!-- Generated by org.testng.reporters.JUnitXMLReporter -->
<testsuite ignored="0" hostname="Nurs-MacBook-Pro.local" failures="0" tests="4" name="GRP-user-registraton" time="0.02" errors="0" timestamp="2022-12-07T15:21:57 EST">
  <testcase classname="ui.GroupDemoTest" name="aTest1" time="0.004"/>
  <testcase classname="ui.GroupDemoTest" name="aTest2" time="0.001"/>
  <testcase classname="ui.GroupDemoTest" name="bTest1" time="0.0"/>
  <testcase classname="ui.GroupDemoTest" name="bTest2" time="0.001"/>
</testsuite> <!-- GRP-user-registraton -->
