<?xml version="1.0" encoding="UTF-8"?>
<!-- Generated by org.testng.reporters.JUnitXMLReporter -->
<testsuite ignored="2" hostname="Nurs-MacBook-Pro.local" failures="0" tests="2" name="GRP-bvt" time="0.019" errors="0" timestamp="2022-12-07T15:22:11 EST">
  <testcase classname="ui.GroupDemoTest" name="bTest1" time="0.005"/>
  <testcase classname="ui.GroupDemoTest" name="bTest2" time="0.001"/>
  <testcase classname="ui.GroupDemoTest" name="aTest2" time="0.0">
    <ignored/>
  </testcase> <!-- aTest2 -->
  <testcase classname="ui.GroupDemoTest" name="aTest1" time="0.0">
    <ignored/>
  </testcase> <!-- aTest1 -->
</testsuite> <!-- GRP-bvt -->
