<?xml version="1.0" encoding="UTF-8"?>
<!-- Generated by org.testng.reporters.JUnitXMLReporter -->
<testsuite ignored="0" hostname="Nurs-MacBook-Pro.local" failures="0" tests="4" name="Default test" time="0.024" errors="0" timestamp="2022-12-18T17:28:11 EST">
  <testcase classname="ui.GroupDemoTest2" name="aTest1" time="0.006"/>
  <testcase classname="ui.GroupDemoTest2" name="aTest2" time="0.001"/>
  <testcase classname="ui.GroupDemoTest2" name="bTest1" time="0.001"/>
  <testcase classname="ui.GroupDemoTest2" name="bTest2" time="0.001"/>
</testsuite> <!-- Default test -->
