<?xml version="1.0" encoding="UTF-8"?>
<!-- Generated by org.testng.reporters.JUnitXMLReporter -->
<testsuite ignored="0" hostname="Nurs-MacBook-Pro.local" failures="1" tests="1" name="reading browser etails from testng xml" time="2.114" errors="0" timestamp="2022-12-08T15:38:11 EST">
  <testcase classname="ui.LoginTest" name="launchApplication" time="2.102">
    <failure type="java.lang.AssertionError" message="expected [true] but found [false]">
      <![CDATA[java.lang.AssertionError: expected [true] but found [false]
at ui.LoginTest.launchApplication(LoginTest.java:40)
at java.base/java.util.ArrayList.forEach(ArrayList.java:1511)
... Removed 29 stack frames]]>
    </failure>
  </testcase> <!-- launchApplication -->
</testsuite> <!-- reading browser etails from testng xml -->
