<?xml version="1.0" encoding="UTF-8"?>
<!-- Generated by org.testng.reporters.JUnitXMLReporter -->
<testsuite ignored="1" hostname="Nurs-MacBook-Pro.local" failures="0" tests="5" name="regression" time="0.029" errors="0" timestamp="2022-12-07T16:06:11 EST">
  <testcase classname="ui.LoginTest" name="logoutTest" time="0.006"/>
  <testcase classname="ui.LoginTest" name="loginTest" time="0.001"/>
  <testcase classname="ui.GroupDemoTest" name="aTest1" time="0.001"/>
  <testcase classname="ui.GroupDemoTest" name="aTest2" time="0.0"/>
  <testcase classname="ui.GroupDemoTest" name="bTest1" time="0.0"/>
  <testcase classname="ui.GroupDemoTest" name="bTest2" time="0.0">
    <ignored/>
  </testcase> <!-- bTest2 -->
</testsuite> <!-- regression -->
