<?xml version="1.0" encoding="UTF-8"?>
<!-- Generated by org.testng.reporters.JUnitXMLReporter -->
<testsuite ignored="0" hostname="Nurs-MacBook-Pro.local" failures="2" tests="9" name="Fuctional Testing" time="8.573" errors="0" timestamp="2022-12-07T15:45:30 EST">
  <testcase classname="ui.SoftAssertVerify" name="titleTest" time="2.947">
    <failure type="java.lang.AssertionError" message="Electronics, Cars, Fashion, Collectibles &amp;amp; More | eBay expected:&amp;lt;Electronicsfdfdf, Cars, Fashion, Collectibles &amp;amp; More | eBay&amp;gt; but was:&amp;lt;Title verification failed&amp;gt;">
      <![CDATA[java.lang.AssertionError: Electronics, Cars, Fashion, Collectibles & More | eBay expected:<Electronicsfdfdf, Cars, Fashion, Collectibles & More | eBay> but was:<Title verification failed>
at ui.SoftAssertVerify.titleTest(SoftAssertVerify.java:32)
at java.base/java.util.ArrayList.forEach(ArrayList.java:1511)
... Removed 26 stack frames]]>
    </failure>
  </testcase> <!-- titleTest -->
  <testcase classname="ui.LoginTest" name="logoutTest" time="0.0"/>
  <testcase classname="ui.LoginTest" name="loginTest" time="0.0"/>
  <testcase classname="ui.VerifyTitleandText" name="titleTest" time="3.27">
    <failure type="java.lang.AssertionError" message="Search expected:&amp;lt;Search&amp;gt; but was:&amp;lt;Text verification failed&amp;gt;">
      <![CDATA[java.lang.AssertionError: Search expected:<Search> but was:<Text verification failed>
at ui.VerifyTitleandText.titleTest(VerifyTitleandText.java:36)
at java.base/java.util.ArrayList.forEach(ArrayList.java:1511)
... Removed 26 stack frames]]>
    </failure>
  </testcase> <!-- titleTest -->
  <testcase classname="ui.VerifyTitleTest" name="titleTest" time="2.331"/>
  <testcase classname="ui.GroupDemoTest" name="aTest1" time="0.001"/>
  <testcase classname="ui.GroupDemoTest" name="aTest2" time="0.001"/>
  <testcase classname="ui.GroupDemoTest" name="bTest1" time="0.0"/>
  <testcase classname="ui.GroupDemoTest" name="bTest2" time="0.0"/>
</testsuite> <!-- Fuctional Testing -->
