<?xml version="1.0" encoding="UTF-8"?>
<!-- Generated by org.testng.reporters.JUnitXMLReporter -->
<testsuite ignored="0" hostname="Nurs-MacBook-Pro.local" failures="1" tests="1" name="Listener test suite" time="2.075" errors="0" timestamp="2022-12-08T17:56:18 EST">
  <testcase classname="ui.ListenerDemoTest" name="launchApp" time="1.665">
    <failure type="java.lang.AssertionError" message="expected [true] but found [false]">
      <![CDATA[java.lang.AssertionError: expected [true] but found [false]
at ui.ListenerDemoTest.launchApp(ListenerDemoTest.java:15)
at java.base/java.util.ArrayList.forEach(ArrayList.java:1511)
... Removed 29 stack frames]]>
    </failure>
  </testcase> <!-- launchApp -->
</testsuite> <!-- Listener test suite -->
