<?xml version="1.0" encoding="UTF-8"?>
<!-- Generated by org.testng.reporters.JUnitXMLReporter -->
<testsuite ignored="0" hostname="Nurs-MacBook-Pro.local" failures="0" tests="4" name="Test before suite and after suite" time="0.018" errors="0" timestamp="2022-12-07T17:49:36 EST">
  <testcase classname="ui.GroupDemoTest2" name="aTest1" time="0.004"/>
  <testcase classname="ui.GroupDemoTest2" name="aTest2" time="0.001"/>
  <testcase classname="ui.GroupDemoTest2" name="bTest1" time="0.0"/>
  <testcase classname="ui.GroupDemoTest2" name="bTest2" time="0.0"/>
</testsuite> <!-- Test before suite and after suite -->
